MASTER_ADDR=gh010
MASTER_PORT=14870
WORLD_SIZE=1
Running experiment: github_densenet27_da_final
Epoch 1 - Training Accuracy: 35.59%
Epoch 2 - Training Accuracy: 54.28%
Epoch 3 - Training Accuracy: 62.89%
Epoch 4 - Training Accuracy: 67.58%
Epoch 5 - Training Accuracy: 70.10%
Epoch 6 - Training Accuracy: 71.77%
Epoch 7 - Training Accuracy: 73.23%
Epoch 8 - Training Accuracy: 73.93%
Epoch 9 - Training Accuracy: 74.53%
Epoch 10 - Training Accuracy: 74.82%
Epoch 11 - Training Accuracy: 75.47%
Epoch 12 - Training Accuracy: 75.60%
Epoch 13 - Training Accuracy: 75.91%
Epoch 14 - Training Accuracy: 75.98%
Epoch 15 - Training Accuracy: 76.40%
Epoch 16 - Training Accuracy: 76.41%
Epoch 17 - Training Accuracy: 76.61%
Epoch 18 - Training Accuracy: 76.99%
Epoch 19 - Training Accuracy: 76.92%
Epoch 20 - Training Accuracy: 77.19%
Epoch 21 - Training Accuracy: 77.59%
Epoch 22 - Training Accuracy: 77.53%
Epoch 23 - Training Accuracy: 77.48%
Epoch 24 - Training Accuracy: 77.44%
Epoch 25 - Training Accuracy: 77.93%
Epoch 26 - Training Accuracy: 77.78%
Epoch 27 - Training Accuracy: 77.73%
Epoch 28 - Training Accuracy: 77.98%
Epoch 29 - Training Accuracy: 78.18%
Epoch 30 - Training Accuracy: 78.21%
Epoch 31 - Training Accuracy: 78.25%
Epoch 32 - Training Accuracy: 78.42%
Epoch 33 - Training Accuracy: 78.45%
Epoch 34 - Training Accuracy: 78.57%
Epoch 35 - Training Accuracy: 78.45%
Epoch 36 - Training Accuracy: 78.34%
Epoch 37 - Training Accuracy: 78.65%
Epoch 38 - Training Accuracy: 78.71%
Epoch 39 - Training Accuracy: 78.60%
Epoch 40 - Training Accuracy: 79.05%
Epoch 41 - Training Accuracy: 78.71%
Epoch 42 - Training Accuracy: 78.78%
Epoch 43 - Training Accuracy: 78.66%
Epoch 44 - Training Accuracy: 79.06%
Epoch 45 - Training Accuracy: 79.03%
Epoch 46 - Training Accuracy: 79.08%
Epoch 47 - Training Accuracy: 78.94%
Epoch 48 - Training Accuracy: 79.06%
Epoch 49 - Training Accuracy: 79.12%
Epoch 50 - Training Accuracy: 79.05%
Epoch 51 - Training Accuracy: 78.90%
Epoch 52 - Training Accuracy: 79.01%
Epoch 53 - Training Accuracy: 79.11%
Epoch 54 - Training Accuracy: 79.42%
Epoch 55 - Training Accuracy: 79.19%
Epoch 56 - Training Accuracy: 79.31%
Epoch 57 - Training Accuracy: 79.24%
Epoch 58 - Training Accuracy: 79.14%
Epoch 59 - Training Accuracy: 79.20%
Epoch 60 - Training Accuracy: 79.56%
Epoch 61 - Training Accuracy: 79.13%
Epoch 62 - Training Accuracy: 79.26%
Epoch 63 - Training Accuracy: 79.18%
Epoch 64 - Training Accuracy: 79.27%
Epoch 65 - Training Accuracy: 79.77%
Epoch 66 - Training Accuracy: 79.78%
Epoch 67 - Training Accuracy: 79.56%
Epoch 68 - Training Accuracy: 79.41%
Epoch 69 - Training Accuracy: 79.75%
Epoch 70 - Training Accuracy: 79.78%
Epoch 71 - Training Accuracy: 79.58%
Epoch 72 - Training Accuracy: 79.24%
Epoch 73 - Training Accuracy: 79.58%
Epoch 74 - Training Accuracy: 79.58%
Epoch 75 - Training Accuracy: 79.61%
Epoch 76 - Training Accuracy: 79.56%
Epoch 77 - Training Accuracy: 79.70%
Epoch 78 - Training Accuracy: 79.52%
Epoch 79 - Training Accuracy: 79.56%
Epoch 80 - Training Accuracy: 79.60%
Epoch 81 - Training Accuracy: 79.53%
Epoch 82 - Training Accuracy: 79.61%
Epoch 83 - Training Accuracy: 79.63%
Epoch 84 - Training Accuracy: 79.80%
Epoch 85 - Training Accuracy: 79.57%
Epoch 86 - Training Accuracy: 79.72%
Epoch 87 - Training Accuracy: 79.76%
Epoch 88 - Training Accuracy: 79.62%
Epoch 89 - Training Accuracy: 79.86%
Epoch 90 - Training Accuracy: 79.81%
Epoch 91 - Training Accuracy: 80.02%
Epoch 92 - Training Accuracy: 79.82%
Epoch 93 - Training Accuracy: 79.94%
Epoch 94 - Training Accuracy: 79.87%
Epoch 95 - Training Accuracy: 80.04%
Epoch 96 - Training Accuracy: 79.91%
Epoch 97 - Training Accuracy: 80.06%
Epoch 98 - Training Accuracy: 79.88%
Epoch 99 - Training Accuracy: 79.92%
Epoch 100 - Training Accuracy: 80.09%
Epoch 101 - Training Accuracy: 79.74%
Epoch 102 - Training Accuracy: 80.23%
Epoch 103 - Training Accuracy: 80.22%
Epoch 104 - Training Accuracy: 79.83%
Epoch 105 - Training Accuracy: 80.03%
Epoch 106 - Training Accuracy: 79.95%
Epoch 107 - Training Accuracy: 80.29%
Epoch 108 - Training Accuracy: 80.21%
Epoch 109 - Training Accuracy: 80.11%
Epoch 110 - Training Accuracy: 80.31%
Epoch 111 - Training Accuracy: 80.16%
Epoch 112 - Training Accuracy: 80.17%
Epoch 113 - Training Accuracy: 80.08%
Epoch 114 - Training Accuracy: 80.30%
Epoch 115 - Training Accuracy: 80.28%
Epoch 116 - Training Accuracy: 80.13%
Epoch 117 - Training Accuracy: 80.36%
Epoch 118 - Training Accuracy: 80.20%
Epoch 119 - Training Accuracy: 80.13%
Epoch 120 - Training Accuracy: 80.43%
Epoch 121 - Training Accuracy: 80.23%
Epoch 122 - Training Accuracy: 80.43%
Epoch 123 - Training Accuracy: 80.37%
Epoch 124 - Training Accuracy: 80.42%
Epoch 125 - Training Accuracy: 80.17%
Epoch 126 - Training Accuracy: 80.47%
Epoch 127 - Training Accuracy: 80.43%
Epoch 128 - Training Accuracy: 80.60%
Epoch 129 - Training Accuracy: 80.26%
Epoch 130 - Training Accuracy: 80.61%
Epoch 131 - Training Accuracy: 80.33%
Epoch 132 - Training Accuracy: 80.67%
Epoch 133 - Training Accuracy: 80.52%
Epoch 134 - Training Accuracy: 80.41%
Epoch 135 - Training Accuracy: 80.34%
Epoch 136 - Training Accuracy: 80.50%
Epoch 137 - Training Accuracy: 80.49%
Epoch 138 - Training Accuracy: 80.55%
Epoch 139 - Training Accuracy: 80.48%
Epoch 140 - Training Accuracy: 80.58%
Epoch 141 - Training Accuracy: 80.39%
Epoch 142 - Training Accuracy: 80.67%
Epoch 143 - Training Accuracy: 80.77%
Epoch 144 - Training Accuracy: 80.66%
Epoch 145 - Training Accuracy: 80.73%
Epoch 146 - Training Accuracy: 80.78%
Epoch 147 - Training Accuracy: 80.73%
Epoch 148 - Training Accuracy: 80.65%
Epoch 149 - Training Accuracy: 80.64%
Epoch 150 - Training Accuracy: 80.89%
Epoch 151 - Training Accuracy: 80.56%
Epoch 152 - Training Accuracy: 80.94%
Epoch 153 - Training Accuracy: 80.65%
Epoch 154 - Training Accuracy: 80.88%
Epoch 155 - Training Accuracy: 80.79%
Epoch 156 - Training Accuracy: 80.57%
Epoch 157 - Training Accuracy: 80.80%
Epoch 158 - Training Accuracy: 80.86%
Epoch 159 - Training Accuracy: 80.85%
Epoch 160 - Training Accuracy: 80.92%
Epoch 161 - Training Accuracy: 81.16%
Epoch 162 - Training Accuracy: 81.02%
Epoch 163 - Training Accuracy: 81.03%
Epoch 164 - Training Accuracy: 80.82%
Epoch 165 - Training Accuracy: 81.15%
Epoch 166 - Training Accuracy: 80.97%
Epoch 167 - Training Accuracy: 81.34%
Epoch 168 - Training Accuracy: 81.07%
Epoch 169 - Training Accuracy: 81.17%
Epoch 170 - Training Accuracy: 81.39%
Epoch 171 - Training Accuracy: 81.45%
Epoch 172 - Training Accuracy: 81.46%
Epoch 173 - Training Accuracy: 81.11%
Epoch 174 - Training Accuracy: 81.05%
Epoch 175 - Training Accuracy: 81.32%
Epoch 176 - Training Accuracy: 81.17%
Epoch 177 - Training Accuracy: 81.43%
Epoch 178 - Training Accuracy: 81.18%
Epoch 179 - Training Accuracy: 81.45%
Epoch 180 - Training Accuracy: 81.37%
Epoch 181 - Training Accuracy: 81.06%
Epoch 182 - Training Accuracy: 81.03%
Epoch 183 - Training Accuracy: 81.37%
Epoch 184 - Training Accuracy: 81.42%
Epoch 185 - Training Accuracy: 81.34%
Epoch 186 - Training Accuracy: 81.30%
Epoch 187 - Training Accuracy: 81.26%
Epoch 188 - Training Accuracy: 81.55%
Epoch 189 - Training Accuracy: 81.56%
Epoch 190 - Training Accuracy: 81.63%
Epoch 191 - Training Accuracy: 81.43%
Epoch 192 - Training Accuracy: 81.56%
Epoch 193 - Training Accuracy: 81.51%
Epoch 194 - Training Accuracy: 81.50%
Epoch 195 - Training Accuracy: 81.47%
Epoch 196 - Training Accuracy: 81.79%
Epoch 197 - Training Accuracy: 81.68%
Epoch 198 - Training Accuracy: 81.53%
Epoch 199 - Training Accuracy: 81.86%
Epoch 200 - Training Accuracy: 81.69%
Epoch 201 - Training Accuracy: 81.89%
Epoch 202 - Training Accuracy: 81.82%
Epoch 203 - Training Accuracy: 80.92%
Epoch 204 - Training Accuracy: 80.98%
Epoch 205 - Training Accuracy: 81.38%
Epoch 206 - Training Accuracy: 81.49%
Epoch 207 - Training Accuracy: 81.33%
Epoch 208 - Training Accuracy: 81.76%
Epoch 209 - Training Accuracy: 82.00%
Epoch 210 - Training Accuracy: 81.84%
Epoch 211 - Training Accuracy: 81.92%
Epoch 212 - Training Accuracy: 81.94%
Epoch 213 - Training Accuracy: 81.75%
Epoch 214 - Training Accuracy: 82.06%
Epoch 215 - Training Accuracy: 82.09%
Epoch 216 - Training Accuracy: 81.44%
Epoch 217 - Training Accuracy: 81.60%
Epoch 218 - Training Accuracy: 82.03%
Epoch 219 - Training Accuracy: 81.74%
Epoch 220 - Training Accuracy: 82.05%
Epoch 221 - Training Accuracy: 82.02%
Epoch 222 - Training Accuracy: 82.04%
Epoch 223 - Training Accuracy: 82.33%
Epoch 224 - Training Accuracy: 82.15%
Epoch 225 - Training Accuracy: 82.56%
Epoch 226 - Training Accuracy: 82.23%
Epoch 227 - Training Accuracy: 82.32%
Epoch 228 - Training Accuracy: 81.37%
Epoch 229 - Training Accuracy: 82.01%
Epoch 230 - Training Accuracy: 81.67%
Epoch 231 - Training Accuracy: 82.33%
Epoch 232 - Training Accuracy: 82.18%
Epoch 233 - Training Accuracy: 82.22%
Epoch 234 - Training Accuracy: 82.31%
Epoch 235 - Training Accuracy: 82.24%
Epoch 236 - Training Accuracy: 82.62%
Epoch 237 - Training Accuracy: 82.59%
Epoch 238 - Training Accuracy: 82.48%
Epoch 239 - Training Accuracy: 82.73%
Epoch 240 - Training Accuracy: 81.89%
Epoch 241 - Training Accuracy: 82.73%
Epoch 242 - Training Accuracy: 82.67%
Epoch 243 - Training Accuracy: 82.64%
Epoch 244 - Training Accuracy: 82.42%
Epoch 245 - Training Accuracy: 82.61%
Epoch 246 - Training Accuracy: 82.95%
Epoch 247 - Training Accuracy: 82.72%
Epoch 248 - Training Accuracy: 82.54%
Epoch 249 - Training Accuracy: 82.92%
Epoch 250 - Training Accuracy: 83.05%
Epoch 251 - Training Accuracy: 83.04%
Epoch 252 - Training Accuracy: 82.78%
Epoch 253 - Training Accuracy: 82.96%
Epoch 254 - Training Accuracy: 82.98%
Epoch 255 - Training Accuracy: 83.01%
Epoch 256 - Training Accuracy: 83.05%
Epoch 257 - Training Accuracy: 83.13%
Epoch 258 - Training Accuracy: 82.84%
Epoch 259 - Training Accuracy: 83.13%
Epoch 260 - Training Accuracy: 83.18%
Epoch 261 - Training Accuracy: 83.20%
Epoch 262 - Training Accuracy: 83.37%
Epoch 263 - Training Accuracy: 83.29%
Epoch 264 - Training Accuracy: 83.24%
Epoch 265 - Training Accuracy: 83.39%
Epoch 266 - Training Accuracy: 83.35%
Epoch 267 - Training Accuracy: 83.41%
Epoch 268 - Training Accuracy: 83.64%
Epoch 269 - Training Accuracy: 83.53%
Epoch 270 - Training Accuracy: 83.42%
Epoch 271 - Training Accuracy: 83.33%
Epoch 272 - Training Accuracy: 83.69%
Epoch 273 - Training Accuracy: 82.19%
Epoch 274 - Training Accuracy: 83.12%
Epoch 275 - Training Accuracy: 83.42%
Epoch 276 - Training Accuracy: 83.55%
Epoch 277 - Training Accuracy: 83.70%
Epoch 278 - Training Accuracy: 83.48%
Epoch 279 - Training Accuracy: 83.80%
Epoch 280 - Training Accuracy: 83.53%
Epoch 281 - Training Accuracy: 83.73%
Epoch 282 - Training Accuracy: 83.84%
Epoch 283 - Training Accuracy: 83.98%
Epoch 284 - Training Accuracy: 83.66%
Epoch 285 - Training Accuracy: 83.74%
Epoch 286 - Training Accuracy: 83.88%
Epoch 287 - Training Accuracy: 84.08%
Epoch 288 - Training Accuracy: 83.97%
Epoch 289 - Training Accuracy: 84.06%
Epoch 290 - Training Accuracy: 83.99%
Epoch 291 - Training Accuracy: 84.14%
Epoch 292 - Training Accuracy: 83.94%
Epoch 293 - Training Accuracy: 83.94%
Epoch 294 - Training Accuracy: 84.06%
Epoch 295 - Training Accuracy: 84.22%
Epoch 296 - Training Accuracy: 84.41%
Epoch 297 - Training Accuracy: 84.25%
Epoch 298 - Training Accuracy: 84.36%
Epoch 299 - Training Accuracy: 84.17%
Epoch 300 - Training Accuracy: 84.50%
Epoch 301 - Training Accuracy: 84.57%
Epoch 302 - Training Accuracy: 84.62%
Epoch 303 - Training Accuracy: 84.38%
Epoch 304 - Training Accuracy: 84.53%
Epoch 305 - Training Accuracy: 84.50%
Epoch 306 - Training Accuracy: 84.69%
Epoch 307 - Training Accuracy: 84.62%
Epoch 308 - Training Accuracy: 84.69%
Epoch 309 - Training Accuracy: 84.61%
Epoch 310 - Training Accuracy: 84.48%
Epoch 311 - Training Accuracy: 84.64%
Epoch 312 - Training Accuracy: 84.80%
Epoch 313 - Training Accuracy: 84.93%
Epoch 314 - Training Accuracy: 84.79%
Epoch 315 - Training Accuracy: 84.91%
Epoch 316 - Training Accuracy: 85.00%
Epoch 317 - Training Accuracy: 85.25%
Epoch 318 - Training Accuracy: 85.22%
Epoch 319 - Training Accuracy: 84.97%
Epoch 320 - Training Accuracy: 85.24%
Epoch 321 - Training Accuracy: 85.02%
Epoch 322 - Training Accuracy: 85.17%
Epoch 323 - Training Accuracy: 85.09%
Epoch 324 - Training Accuracy: 85.38%
Epoch 325 - Training Accuracy: 85.18%
Epoch 326 - Training Accuracy: 85.42%
Epoch 327 - Training Accuracy: 85.47%
Epoch 328 - Training Accuracy: 85.45%
Epoch 329 - Training Accuracy: 85.74%
Epoch 330 - Training Accuracy: 85.56%
Epoch 331 - Training Accuracy: 85.63%
Epoch 332 - Training Accuracy: 85.54%
Epoch 333 - Training Accuracy: 85.56%
Epoch 334 - Training Accuracy: 85.57%
Epoch 335 - Training Accuracy: 85.78%
Epoch 336 - Training Accuracy: 85.65%
Epoch 337 - Training Accuracy: 85.69%
Epoch 338 - Training Accuracy: 85.68%
Epoch 339 - Training Accuracy: 85.76%
Epoch 340 - Training Accuracy: 85.88%
Epoch 341 - Training Accuracy: 85.98%
Epoch 342 - Training Accuracy: 85.83%
Epoch 343 - Training Accuracy: 85.73%
Epoch 344 - Training Accuracy: 85.91%
Epoch 345 - Training Accuracy: 86.10%
Epoch 346 - Training Accuracy: 86.14%
Epoch 347 - Training Accuracy: 86.00%
Epoch 348 - Training Accuracy: 86.17%
Epoch 349 - Training Accuracy: 86.27%
Epoch 350 - Training Accuracy: 86.41%
Epoch 351 - Training Accuracy: 86.42%
Epoch 352 - Training Accuracy: 86.07%
Epoch 353 - Training Accuracy: 86.47%
Epoch 354 - Training Accuracy: 86.25%
Epoch 355 - Training Accuracy: 86.21%
Epoch 356 - Training Accuracy: 86.43%
Epoch 357 - Training Accuracy: 86.46%
Epoch 358 - Training Accuracy: 86.57%
Epoch 359 - Training Accuracy: 86.46%
Epoch 360 - Training Accuracy: 86.63%
Epoch 361 - Training Accuracy: 86.60%
Epoch 362 - Training Accuracy: 86.56%
Epoch 363 - Training Accuracy: 86.63%
Epoch 364 - Training Accuracy: 86.81%
Epoch 365 - Training Accuracy: 86.82%
Epoch 366 - Training Accuracy: 86.83%
Epoch 367 - Training Accuracy: 86.86%
Epoch 368 - Training Accuracy: 87.11%
Epoch 369 - Training Accuracy: 87.03%
Epoch 370 - Training Accuracy: 87.02%
Epoch 371 - Training Accuracy: 87.02%
Epoch 372 - Training Accuracy: 86.95%
Epoch 373 - Training Accuracy: 86.88%
Epoch 374 - Training Accuracy: 86.96%
Epoch 375 - Training Accuracy: 87.22%
Epoch 376 - Training Accuracy: 87.15%
Epoch 377 - Training Accuracy: 87.24%
Epoch 378 - Training Accuracy: 87.35%
Epoch 379 - Training Accuracy: 87.48%
Epoch 380 - Training Accuracy: 87.16%
Epoch 381 - Training Accuracy: 87.48%
Epoch 382 - Training Accuracy: 87.24%
Epoch 383 - Training Accuracy: 87.56%
Epoch 384 - Training Accuracy: 87.46%
Epoch 385 - Training Accuracy: 87.49%
Epoch 386 - Training Accuracy: 87.60%
Epoch 387 - Training Accuracy: 87.61%
Epoch 388 - Training Accuracy: 87.78%
Epoch 389 - Training Accuracy: 87.75%
Epoch 390 - Training Accuracy: 87.59%
Epoch 391 - Training Accuracy: 87.68%
Epoch 392 - Training Accuracy: 88.02%
Epoch 393 - Training Accuracy: 87.83%
Epoch 394 - Training Accuracy: 87.88%
Epoch 395 - Training Accuracy: 88.07%
Epoch 396 - Training Accuracy: 88.19%
Epoch 397 - Training Accuracy: 88.01%
Epoch 398 - Training Accuracy: 88.29%
Epoch 399 - Training Accuracy: 88.34%
Epoch 400 - Training Accuracy: 88.30%
Epoch 401 - Training Accuracy: 88.29%
Epoch 402 - Training Accuracy: 88.36%
Epoch 403 - Training Accuracy: 88.48%
Epoch 404 - Training Accuracy: 88.53%
Epoch 405 - Training Accuracy: 88.59%
Epoch 406 - Training Accuracy: 88.44%
Epoch 407 - Training Accuracy: 88.67%
Epoch 408 - Training Accuracy: 88.84%
Epoch 409 - Training Accuracy: 88.96%
Epoch 410 - Training Accuracy: 88.77%
Epoch 411 - Training Accuracy: 88.81%
Epoch 412 - Training Accuracy: 88.87%
Epoch 413 - Training Accuracy: 89.00%
Epoch 414 - Training Accuracy: 88.91%
Epoch 415 - Training Accuracy: 89.00%
Epoch 416 - Training Accuracy: 88.83%
Epoch 417 - Training Accuracy: 88.98%
Epoch 418 - Training Accuracy: 89.04%
Epoch 419 - Training Accuracy: 89.26%
Epoch 420 - Training Accuracy: 89.09%
Epoch 421 - Training Accuracy: 89.30%
Epoch 422 - Training Accuracy: 89.16%
Epoch 423 - Training Accuracy: 89.36%
Epoch 424 - Training Accuracy: 89.31%
Epoch 425 - Training Accuracy: 89.45%
Epoch 426 - Training Accuracy: 89.44%
Epoch 427 - Training Accuracy: 89.42%
Epoch 428 - Training Accuracy: 89.56%
Epoch 429 - Training Accuracy: 89.56%
Epoch 430 - Training Accuracy: 89.59%
Epoch 431 - Training Accuracy: 89.57%
Epoch 432 - Training Accuracy: 89.64%
Epoch 433 - Training Accuracy: 89.75%
Epoch 434 - Training Accuracy: 89.94%
Epoch 435 - Training Accuracy: 89.90%
Epoch 436 - Training Accuracy: 90.06%
Epoch 437 - Training Accuracy: 90.02%
Epoch 438 - Training Accuracy: 90.11%
Epoch 439 - Training Accuracy: 89.97%
Epoch 440 - Training Accuracy: 90.41%
Epoch 441 - Training Accuracy: 90.14%
Epoch 442 - Training Accuracy: 90.29%
Epoch 443 - Training Accuracy: 90.14%
Epoch 444 - Training Accuracy: 90.39%
Epoch 445 - Training Accuracy: 90.31%
Epoch 446 - Training Accuracy: 90.35%
Epoch 447 - Training Accuracy: 90.50%
Epoch 448 - Training Accuracy: 90.60%
Epoch 449 - Training Accuracy: 90.53%
Epoch 450 - Training Accuracy: 90.63%
Epoch 451 - Training Accuracy: 90.64%
Epoch 452 - Training Accuracy: 90.52%
Epoch 453 - Training Accuracy: 90.82%
Epoch 454 - Training Accuracy: 90.79%
Epoch 455 - Training Accuracy: 90.82%
Epoch 456 - Training Accuracy: 91.08%
Epoch 457 - Training Accuracy: 90.84%
Epoch 458 - Training Accuracy: 91.37%
Epoch 459 - Training Accuracy: 91.04%
Epoch 460 - Training Accuracy: 91.14%
Epoch 461 - Training Accuracy: 91.32%
Epoch 462 - Training Accuracy: 91.34%
Epoch 463 - Training Accuracy: 91.44%
Epoch 464 - Training Accuracy: 91.41%
Epoch 465 - Training Accuracy: 91.38%
Epoch 466 - Training Accuracy: 91.36%
Epoch 467 - Training Accuracy: 91.41%
Epoch 468 - Training Accuracy: 91.55%
Epoch 469 - Training Accuracy: 91.69%
Epoch 470 - Training Accuracy: 91.85%
Epoch 471 - Training Accuracy: 91.93%
Epoch 472 - Training Accuracy: 91.87%
Epoch 473 - Training Accuracy: 91.92%
Epoch 474 - Training Accuracy: 91.92%
Epoch 475 - Training Accuracy: 91.88%
Epoch 476 - Training Accuracy: 91.94%
Epoch 477 - Training Accuracy: 92.03%
Epoch 478 - Training Accuracy: 92.11%
Epoch 479 - Training Accuracy: 92.10%
Epoch 480 - Training Accuracy: 92.23%
Epoch 481 - Training Accuracy: 92.40%
Epoch 482 - Training Accuracy: 92.44%
Epoch 483 - Training Accuracy: 92.30%
Epoch 484 - Training Accuracy: 92.68%
Epoch 485 - Training Accuracy: 92.68%
Epoch 486 - Training Accuracy: 92.56%
Epoch 487 - Training Accuracy: 92.80%
Epoch 488 - Training Accuracy: 92.57%
Epoch 489 - Training Accuracy: 92.90%
Epoch 490 - Training Accuracy: 92.80%
Epoch 491 - Training Accuracy: 92.87%
Epoch 492 - Training Accuracy: 92.84%
Epoch 493 - Training Accuracy: 93.21%
Epoch 494 - Training Accuracy: 92.89%
Epoch 495 - Training Accuracy: 93.00%
Epoch 496 - Training Accuracy: 93.14%
Epoch 497 - Training Accuracy: 93.11%
Epoch 498 - Training Accuracy: 93.13%
Epoch 499 - Training Accuracy: 93.20%
Epoch 500 - Training Accuracy: 93.33%
Epoch 501 - Training Accuracy: 93.44%
Epoch 502 - Training Accuracy: 93.38%
Epoch 503 - Training Accuracy: 93.55%
Epoch 504 - Training Accuracy: 93.44%
Epoch 505 - Training Accuracy: 93.58%
Epoch 506 - Training Accuracy: 93.52%
Epoch 507 - Training Accuracy: 93.59%
Epoch 508 - Training Accuracy: 93.81%
Epoch 509 - Training Accuracy: 93.95%
Epoch 510 - Training Accuracy: 93.94%
Epoch 511 - Training Accuracy: 94.03%
Epoch 512 - Training Accuracy: 93.99%
Epoch 513 - Training Accuracy: 93.96%
Epoch 514 - Training Accuracy: 94.22%
Epoch 515 - Training Accuracy: 94.16%
Epoch 516 - Training Accuracy: 94.17%
Epoch 517 - Training Accuracy: 94.34%
Epoch 518 - Training Accuracy: 94.35%
Epoch 519 - Training Accuracy: 94.36%
Epoch 520 - Training Accuracy: 94.54%
Epoch 521 - Training Accuracy: 94.39%
Epoch 522 - Training Accuracy: 94.53%
Epoch 523 - Training Accuracy: 94.63%
Epoch 524 - Training Accuracy: 94.70%
Epoch 525 - Training Accuracy: 94.80%
Epoch 526 - Training Accuracy: 94.77%
Epoch 527 - Training Accuracy: 94.75%
Epoch 528 - Training Accuracy: 94.88%
Epoch 529 - Training Accuracy: 94.73%
Epoch 530 - Training Accuracy: 94.98%
Epoch 531 - Training Accuracy: 94.97%
Epoch 532 - Training Accuracy: 95.00%
Epoch 533 - Training Accuracy: 95.03%
Epoch 534 - Training Accuracy: 95.11%
Epoch 535 - Training Accuracy: 95.25%
Epoch 536 - Training Accuracy: 95.16%
Epoch 537 - Training Accuracy: 95.22%
Epoch 538 - Training Accuracy: 95.31%
Epoch 539 - Training Accuracy: 95.31%
Epoch 540 - Training Accuracy: 95.33%
Epoch 541 - Training Accuracy: 95.43%
Epoch 542 - Training Accuracy: 95.34%
Epoch 543 - Training Accuracy: 95.45%
Epoch 544 - Training Accuracy: 95.66%
Epoch 545 - Training Accuracy: 95.68%
Epoch 546 - Training Accuracy: 95.61%
Epoch 547 - Training Accuracy: 95.61%
Epoch 548 - Training Accuracy: 95.64%
Epoch 549 - Training Accuracy: 95.73%
Epoch 550 - Training Accuracy: 95.82%
Epoch 551 - Training Accuracy: 95.81%
Epoch 552 - Training Accuracy: 95.95%
Epoch 553 - Training Accuracy: 95.90%
Epoch 554 - Training Accuracy: 95.98%
Epoch 555 - Training Accuracy: 96.03%
Epoch 556 - Training Accuracy: 96.11%
Epoch 557 - Training Accuracy: 96.05%
Epoch 558 - Training Accuracy: 96.18%
Epoch 559 - Training Accuracy: 96.11%
Epoch 560 - Training Accuracy: 96.20%
Epoch 561 - Training Accuracy: 96.35%
Epoch 562 - Training Accuracy: 96.21%
Epoch 563 - Training Accuracy: 96.43%
Epoch 564 - Training Accuracy: 96.38%
Epoch 565 - Training Accuracy: 96.47%
Epoch 566 - Training Accuracy: 96.33%
Epoch 567 - Training Accuracy: 96.50%
Epoch 568 - Training Accuracy: 96.56%
Epoch 569 - Training Accuracy: 96.56%
Epoch 570 - Training Accuracy: 96.46%
Epoch 571 - Training Accuracy: 96.54%
Epoch 572 - Training Accuracy: 96.55%
Epoch 573 - Training Accuracy: 96.72%
Epoch 574 - Training Accuracy: 96.55%
Epoch 575 - Training Accuracy: 96.58%
Epoch 576 - Training Accuracy: 96.55%
Epoch 577 - Training Accuracy: 96.72%
Epoch 578 - Training Accuracy: 96.73%
Epoch 579 - Training Accuracy: 96.75%
Epoch 580 - Training Accuracy: 96.88%
Epoch 581 - Training Accuracy: 96.68%
Epoch 582 - Training Accuracy: 96.89%
Epoch 583 - Training Accuracy: 96.67%
Epoch 584 - Training Accuracy: 96.86%
Epoch 585 - Training Accuracy: 96.78%
Epoch 586 - Training Accuracy: 96.80%
Epoch 587 - Training Accuracy: 96.85%
Epoch 588 - Training Accuracy: 96.93%
Epoch 589 - Training Accuracy: 97.01%
Epoch 590 - Training Accuracy: 96.95%
Epoch 591 - Training Accuracy: 96.86%
Epoch 592 - Training Accuracy: 96.77%
Epoch 593 - Training Accuracy: 96.80%
Epoch 594 - Training Accuracy: 96.88%
Epoch 595 - Training Accuracy: 96.85%
Epoch 596 - Training Accuracy: 96.96%
Epoch 597 - Training Accuracy: 97.00%
Epoch 598 - Training Accuracy: 96.97%
Epoch 599 - Training Accuracy: 96.89%
Epoch 600 - Training Accuracy: 96.92%
